# JRE version: Java(TM) SE Runtime Environment (8.0_144-b01) (build 1.8.0_144-b01)
# Java VM: Java HotSpot(TM) 64-Bit Server VM (25.144-b01 mixed mode windows-amd64 compressed oops)
Heap:
 PSYoungGen      total 47616K, used 20396K [0x00000000e0a00000, 0x00000000e3d80000, 0x0000000100000000)
  eden space 44544K, 42% used [0x00000000e0a00000,0x00000000e1c540e8,0x00000000e3580000)
  from space 3072K, 52% used [0x00000000e3a80000,0x00000000e3c17000,0x00000000e3d80000)
  to   space 4096K, 0% used [0x00000000e3580000,0x00000000e3580000,0x00000000e3980000)
 ParOldGen       total 65536K, used 12730K [0x00000000a1e00000, 0x00000000a5e00000, 0x00000000e0a00000)
  object space 65536K, 19% used [0x00000000a1e00000,0x00000000a2a6e9d8,0x00000000a5e00000)
 Metaspace       used 7171K, capacity 7387K, committed 7680K, reserved 1056768K
  class space    used 664K, capacity 688K, committed 768K, reserved 1048576K
GC Heap History (10 events):
Event: 474.551 GC heap before
{Heap before GC invocations=18 (full 0):
 PSYoungGen      total 52736K, used 52512K [0x00000000e0a00000, 0x00000000e4500000, 0x0000000100000000)
  eden space 51200K, 100% used [0x00000000e0a00000,0x00000000e3c00000,0x00000000e3c00000)
  from space 1536K, 85% used [0x00000000e3d80000,0x00000000e3ec8000,0x00000000e3f00000)
  to   space 4608K, 0% used [0x00000000e4080000,0x00000000e4080000,0x00000000e4500000)
 ParOldGen       total 65536K, used 9570K [0x00000000a1e00000, 0x00000000a5e00000, 0x00000000e0a00000)
  object space 65536K, 14% used [0x00000000a1e00000,0x00000000a27589d8,0x00000000a5e00000)
 Metaspace       used 7169K, capacity 7387K, committed 7680K, reserved 1056768K
  class space    used 664K, capacity 688K, committed 768K, reserved 1048576K
Event: 474.561 GC heap after
Heap after GC invocations=18 (full 0):
 PSYoungGen      total 52736K, used 1280K [0x00000000e0a00000, 0x00000000e4380000, 0x0000000100000000)
  eden space 49664K, 0% used [0x00000000e0a00000,0x00000000e0a00000,0x00000000e3a80000)
  from space 3072K, 41% used [0x00000000e4080000,0x00000000e41c0000,0x00000000e4380000)
  to   space 4608K, 0% used [0x00000000e3a80000,0x00000000e3a80000,0x00000000e3f00000)
 ParOldGen       total 65536K, used 10234K [0x00000000a1e00000, 0x00000000a5e00000, 0x00000000e0a00000)
  object space 65536K, 15% used [0x00000000a1e00000,0x00000000a27fe9d8,0x00000000a5e00000)
 Metaspace       used 7169K, capacity 7387K, committed 7680K, reserved 1056768K
  class space    used 664K, capacity 688K, committed 768K, reserved 1048576K
}
Event: 568.816 GC heap before
{Heap before GC invocations=19 (full 0):
 PSYoungGen      total 52736K, used 50944K [0x00000000e0a00000, 0x00000000e4380000, 0x0000000100000000)
  eden space 49664K, 100% used [0x00000000e0a00000,0x00000000e3a80000,0x00000000e3a80000)
  from space 3072K, 41% used [0x00000000e4080000,0x00000000e41c0000,0x00000000e4380000)
  to   space 4608K, 0% used [0x00000000e3a80000,0x00000000e3a80000,0x00000000e3f00000)
 ParOldGen       total 65536K, used 10234K [0x00000000a1e00000, 0x00000000a5e00000, 0x00000000e0a00000)
  object space 65536K, 15% used [0x00000000a1e00000,0x00000000a27fe9d8,0x00000000a5e00000)
 Metaspace       used 7169K, capacity 7387K, committed 7680K, reserved 1056768K
  class space    used 664K, capacity 688K, committed 768K, reserved 1048576K
Event: 572.395 GC heap after
Heap after GC invocations=19 (full 0):
 PSYoungGen      total 49664K, used 1280K [0x00000000e0a00000, 0x00000000e4100000, 0x0000000100000000)
  eden space 48128K, 0% used [0x00000000e0a00000,0x00000000e0a00000,0x00000000e3900000)
  from space 1536K, 83% used [0x00000000e3a80000,0x00000000e3bc0000,0x00000000e3c00000)
  to   space 4096K, 0% used [0x00000000e3d00000,0x00000000e3d00000,0x00000000e4100000)
 ParOldGen       total 65536K, used 10890K [0x00000000a1e00000, 0x00000000a5e00000, 0x00000000e0a00000)
  object space 65536K, 16% used [0x00000000a1e00000,0x00000000a28a29d8,0x00000000a5e00000)
 Metaspace       used 7169K, capacity 7387K, committed 7680K, reserved 1056768K
  class space    used 664K, capacity 688K, committed 768K, reserved 1048576K
}
Event: 611.575 GC heap before
{Heap before GC invocations=20 (full 0):
 PSYoungGen      total 49664K, used 49408K [0x00000000e0a00000, 0x00000000e4100000, 0x0000000100000000)
  eden space 48128K, 100% used [0x00000000e0a00000,0x00000000e3900000,0x00000000e3900000)
  from space 1536K, 83% used [0x00000000e3a80000,0x00000000e3bc0000,0x00000000e3c00000)
  to   space 4096K, 0% used [0x00000000e3d00000,0x00000000e3d00000,0x00000000e4100000)
 ParOldGen       total 65536K, used 10890K [0x00000000a1e00000, 0x00000000a5e00000, 0x00000000e0a00000)
  object space 65536K, 16% used [0x00000000a1e00000,0x00000000a28a29d8,0x00000000a5e00000)
 Metaspace       used 7171K, capacity 7387K, committed 7680K, reserved 1056768K
  class space    used 664K, capacity 688K, committed 768K, reserved 1048576K
Event: 611.595 GC heap after
Heap after GC invocations=20 (full 0):
 PSYoungGen      total 49152K, used 1248K [0x00000000e0a00000, 0x00000000e3f80000, 0x0000000100000000)
  eden space 46592K, 0% used [0x00000000e0a00000,0x00000000e0a00000,0x00000000e3780000)
  from space 2560K, 48% used [0x00000000e3d00000,0x00000000e3e38000,0x00000000e3f80000)
  to   space 4096K, 0% used [0x00000000e3780000,0x00000000e3780000,0x00000000e3b80000)
 ParOldGen       total 65536K, used 11522K [0x00000000a1e00000, 0x00000000a5e00000, 0x00000000e0a00000)
  object space 65536K, 17% used [0x00000000a1e00000,0x00000000a29409d8,0x00000000a5e00000)
 Metaspace       used 7171K, capacity 7387K, committed 7680K, reserved 1056768K
  class space    used 664K, capacity 688K, committed 768K, reserved 1048576K
}
Event: 675.721 GC heap before
{Heap before GC invocations=21 (full 0):
 PSYoungGen      total 49152K, used 47840K [0x00000000e0a00000, 0x00000000e3f80000, 0x0000000100000000)
  eden space 46592K, 100% used [0x00000000e0a00000,0x00000000e3780000,0x00000000e3780000)
  from space 2560K, 48% used [0x00000000e3d00000,0x00000000e3e38000,0x00000000e3f80000)
  to   space 4096K, 0% used [0x00000000e3780000,0x00000000e3780000,0x00000000e3b80000)
 ParOldGen       total 65536K, used 11522K [0x00000000a1e00000, 0x00000000a5e00000, 0x00000000e0a00000)
  object space 65536K, 17% used [0x00000000a1e00000,0x00000000a29409d8,0x00000000a5e00000)
 Metaspace       used 7171K, capacity 7387K, committed 7680K, reserved 1056768K
  class space    used 664K, capacity 688K, committed 768K, reserved 1048576K
Event: 675.727 GC heap after
Heap after GC invocations=21 (full 0):
 PSYoungGen      total 47104K, used 1152K [0x00000000e0a00000, 0x00000000e3e80000, 0x0000000100000000)
  eden space 45568K, 0% used [0x00000000e0a00000,0x00000000e0a00000,0x00000000e3680000)
  from space 1536K, 75% used [0x00000000e3780000,0x00000000e38a0000,0x00000000e3900000)
  to   space 4096K, 0% used [0x00000000e3a80000,0x00000000e3a80000,0x00000000e3e80000)
 ParOldGen       total 65536K, used 12130K [0x00000000a1e00000, 0x00000000a5e00000, 0x00000000e0a00000)
  object space 65536K, 18% used [0x00000000a1e00000,0x00000000a29d89d8,0x00000000a5e00000)
 Metaspace       used 7171K, capacity 7387K, committed 7680K, reserved 1056768K
  class space    used 664K, capacity 688K, committed 768K, reserved 1048576K
}
Event: 709.575 GC heap before
{Heap before GC invocations=22 (full 0):
 PSYoungGen      total 47104K, used 46720K [0x00000000e0a00000, 0x00000000e3e80000, 0x0000000100000000)
  eden space 45568K, 100% used [0x00000000e0a00000,0x00000000e3680000,0x00000000e3680000)
  from space 1536K, 75% used [0x00000000e3780000,0x00000000e38a0000,0x00000000e3900000)
  to   space 4096K, 0% used [0x00000000e3a80000,0x00000000e3a80000,0x00000000e3e80000)
 ParOldGen       total 65536K, used 12130K [0x00000000a1e00000, 0x00000000a5e00000, 0x00000000e0a00000)
  object space 65536K, 18% used [0x00000000a1e00000,0x00000000a29d89d8,0x00000000a5e00000)
 Metaspace       used 7171K, capacity 7387K, committed 7680K, reserved 1056768K
  class space    used 664K, capacity 688K, committed 768K, reserved 1048576K
Event: 710.074 GC heap after
Heap after GC invocations=22 (full 0):
 PSYoungGen      total 47616K, used 1628K [0x00000000e0a00000, 0x00000000e3d80000, 0x0000000100000000)
  eden space 44544K, 0% used [0x00000000e0a00000,0x00000000e0a00000,0x00000000e3580000)
  from space 3072K, 52% used [0x00000000e3a80000,0x00000000e3c17000,0x00000000e3d80000)
  to   space 4096K, 0% used [0x00000000e3580000,0x00000000e3580000,0x00000000e3980000)
 ParOldGen       total 65536K, used 12730K [0x00000000a1e00000, 0x00000000a5e00000, 0x00000000e0a00000)
  object space 65536K, 19% used [0x00000000a1e00000,0x00000000a2a6e9d8,0x00000000a5e00000)
 Metaspace       used 7171K, capacity 7387K, committed 7680K, reserved 1056768K
  class space    used 664K, capacity 688K, committed 768K, reserved 1048576K
}

